<?xml version="1.0" encoding="UTF-8" ?>
<testsuite tests="15" failures="0" name="com.BBC_Framework.TestRunner.TestRunner" time="1.278" errors="0" skipped="14">
  <properties>
    <property name="java.runtime.name" value="Java(TM) SE Runtime Environment"/>
    <property name="sun.boot.library.path" value="/Library/Java/JavaVirtualMachines/jdk1.8.0_121.jdk/Contents/Home/jre/lib"/>
    <property name="java.vm.version" value="25.121-b13"/>
    <property name="gopherProxySet" value="false"/>
    <property name="java.vm.vendor" value="Oracle Corporation"/>
    <property name="maven.multiModuleProjectDirectory" value="/Users/yashpaldewangan/Documents/workspace/BBC-Framework"/>
    <property name="java.vendor.url" value="http://java.oracle.com/"/>
    <property name="path.separator" value=":"/>
    <property name="guice.disable.misplaced.annotation.check" value="true"/>
    <property name="java.vm.name" value="Java HotSpot(TM) 64-Bit Server VM"/>
    <property name="file.encoding.pkg" value="sun.io"/>
    <property name="user.country" value="GB"/>
    <property name="sun.java.launcher" value="SUN_STANDARD"/>
    <property name="sun.os.patch.level" value="unknown"/>
    <property name="java.vm.specification.name" value="Java Virtual Machine Specification"/>
    <property name="user.dir" value="/Users/yashpaldewangan/Documents/workspace/BBC-Framework"/>
    <property name="java.runtime.version" value="1.8.0_121-b13"/>
    <property name="java.awt.graphicsenv" value="sun.awt.CGraphicsEnvironment"/>
    <property name="java.endorsed.dirs" value="/Library/Java/JavaVirtualMachines/jdk1.8.0_121.jdk/Contents/Home/jre/lib/endorsed"/>
    <property name="os.arch" value="x86_64"/>
    <property name="java.io.tmpdir" value="/var/folders/hb/h8t44fzn76z4d9s65ttskgt00000gn/T/"/>
    <property name="line.separator" value="
"/>
    <property name="java.vm.specification.vendor" value="Oracle Corporation"/>
    <property name="os.name" value="Mac OS X"/>
    <property name="classworlds.conf" value="/Users/yashpaldewangan/Documents/workspace/.metadata/.plugins/org.eclipse.m2e.launching/launches/m2conf812033894024288099.tmp"/>
    <property name="sun.jnu.encoding" value="UTF-8"/>
    <property name="java.library.path" value="/Users/yashpaldewangan/Library/Java/Extensions:/Library/Java/Extensions:/Network/Library/Java/Extensions:/System/Library/Java/Extensions:/usr/lib/java:."/>
    <property name="java.specification.name" value="Java Platform API Specification"/>
    <property name="java.class.version" value="52.0"/>
    <property name="sun.management.compiler" value="HotSpot 64-Bit Tiered Compilers"/>
    <property name="os.version" value="10.13.4"/>
    <property name="http.nonProxyHosts" value="local|*.local|169.254/16|*.169.254/16"/>
    <property name="user.home" value="/Users/yashpaldewangan"/>
    <property name="user.timezone" value="Europe/London"/>
    <property name="java.awt.printerjob" value="sun.lwawt.macosx.CPrinterJob"/>
    <property name="java.specification.version" value="1.8"/>
    <property name="file.encoding" value="UTF-8"/>
    <property name="user.name" value="yashpaldewangan"/>
    <property name="java.class.path" value="/private/var/folders/hb/h8t44fzn76z4d9s65ttskgt00000gn/T/AppTranslocation/65B15E58-89A8-4F92-B4AB-F07A39A5642D/d/Eclipse.app/Contents/Eclipse/plugins/org.eclipse.m2e.maven.runtime_1.6.0.20150526-2031/jars/plexus-classworlds-2.5.2.jar"/>
    <property name="java.vm.specification.version" value="1.8"/>
    <property name="sun.arch.data.model" value="64"/>
    <property name="java.home" value="/Library/Java/JavaVirtualMachines/jdk1.8.0_121.jdk/Contents/Home/jre"/>
    <property name="sun.java.command" value="org.codehaus.plexus.classworlds.launcher.Launcher -B install"/>
    <property name="java.specification.vendor" value="Oracle Corporation"/>
    <property name="user.language" value="en"/>
    <property name="awt.toolkit" value="sun.lwawt.macosx.LWCToolkit"/>
    <property name="java.vm.info" value="mixed mode"/>
    <property name="java.version" value="1.8.0_121"/>
    <property name="java.ext.dirs" value="/Users/yashpaldewangan/Library/Java/Extensions:/Library/Java/JavaVirtualMachines/jdk1.8.0_121.jdk/Contents/Home/jre/lib/ext:/Library/Java/Extensions:/Network/Library/Java/Extensions:/System/Library/Java/Extensions:/usr/lib/java"/>
    <property name="sun.boot.class.path" value="/Library/Java/JavaVirtualMachines/jdk1.8.0_121.jdk/Contents/Home/jre/lib/resources.jar:/Library/Java/JavaVirtualMachines/jdk1.8.0_121.jdk/Contents/Home/jre/lib/rt.jar:/Library/Java/JavaVirtualMachines/jdk1.8.0_121.jdk/Contents/Home/jre/lib/sunrsasign.jar:/Library/Java/JavaVirtualMachines/jdk1.8.0_121.jdk/Contents/Home/jre/lib/jsse.jar:/Library/Java/JavaVirtualMachines/jdk1.8.0_121.jdk/Contents/Home/jre/lib/jce.jar:/Library/Java/JavaVirtualMachines/jdk1.8.0_121.jdk/Contents/Home/jre/lib/charsets.jar:/Library/Java/JavaVirtualMachines/jdk1.8.0_121.jdk/Contents/Home/jre/lib/jfr.jar:/Library/Java/JavaVirtualMachines/jdk1.8.0_121.jdk/Contents/Home/jre/classes"/>
    <property name="java.vendor" value="Oracle Corporation"/>
    <property name="maven.home" value="/Users/yashpaldewangan/Documents/workspace/BBC-Framework/EMBEDDED"/>
    <property name="file.separator" value="/"/>
    <property name="java.vendor.url.bug" value="http://bugreport.sun.com/bugreport/"/>
    <property name="sun.cpu.endian" value="little"/>
    <property name="sun.io.unicode.encoding" value="UnicodeBig"/>
    <property name="socksNonProxyHosts" value="local|*.local|169.254/16|*.169.254/16"/>
    <property name="ftp.nonProxyHosts" value="local|*.local|169.254/16|*.169.254/16"/>
    <property name="sun.cpu.isalist" value=""/>
  </properties>
  <testcase classname="Scenario: User must SignIn Before Commenting in BBC" name="Given BBC comment page is opened in a browser" time="0.072">
    <skipped/>
  </testcase>
  <testcase classname="Scenario: User must SignIn Before Commenting in BBC" name="Then Accept coopkies of BBC Comment Page" time="0.081">
    <skipped/>
  </testcase>
  <testcase classname="Scenario: User must SignIn Before Commenting in BBC" name="Then Verify the header of the BBC Comment Page" time="0.082">
    <skipped/>
  </testcase>
  <testcase classname="Scenario: User must SignIn Before Commenting in BBC" name="And Verify the URL of the Current Page" time="0.083">
    <skipped/>
  </testcase>
  <testcase classname="Scenario: User must SignIn Before Commenting in BBC" name="When User click on Comments button from the top" time="0.084">
    <skipped/>
  </testcase>
  <testcase classname="Scenario: User must SignIn Before Commenting in BBC" name="Then Verify User asked for Signin or register" time="0.084">
    <skipped/>
  </testcase>
  <testcase classname="Scenario: User must SignIn Before Commenting in BBC" name="When User click on signin button" time="0.085">
    <skipped/>
  </testcase>
  <testcase classname="Scenario: User must SignIn Before Commenting in BBC" name="Then BBC SignIn page appears" time="0.085">
    <skipped/>
  </testcase>
  <testcase classname="Scenario: User must SignIn Before Commenting in BBC" name="And Verify the header of the signIn Page" time="0.086">
    <skipped/>
  </testcase>
  <testcase classname="Scenario: User must SignIn Before Commenting in BBC" name="And Pass the valid signin credentials" time="0.088">
    <skipped/>
  </testcase>
  <testcase classname="Scenario: User must SignIn Before Commenting in BBC" name="And Click on signin button" time="0.088">
    <skipped/>
  </testcase>
  <testcase classname="Scenario: User must SignIn Before Commenting in BBC" name="Then Verify the URL of the Current Page" time="0.089">
    <skipped/>
  </testcase>
  <testcase classname="Scenario: User must SignIn Before Commenting in BBC" name="And Verify the sign out link" time="0.09">
    <skipped/>
  </testcase>
  <testcase classname="Scenario: User must SignIn Before Commenting in BBC" name="Scenario: User must SignIn Before Commenting in BBC" time="0.09">
    <skipped/>
  </testcase>
  <testcase classname="Scenario: User must SignIn Before Commenting in BBC" name="Scenario: User must SignIn Before Commenting in BBC" time="0.091"/>
</testsuite>